<?xml version="1.0" encoding="UTF-8"?>
<!-- Generated by org.testng.reporters.JUnitReportReporter -->
<testsuite hostname="LAPTOP-7TR7NGPB" failures="0" tests="2" name="mavenpracticepakage.MavenPracticeClass" time="0.012" errors="0" timestamp="2023-08-22T11:43:36 AEST" skipped="0">
  <testcase classname="mavenpracticepakage.MavenPracticeClass" name="hi" time="0.001"/>
  <system-out/>
  <testcase classname="mavenpracticepakage.MavenPracticeClass" name="hello" time="0.011"/>
  <system-out/>
</testsuite> <!-- mavenpracticepakage.MavenPracticeClass -->
